<?xml version="1.0" encoding="UTF-8"?>
<testsuite xmlns:xsi="http://www.w3.org/2001/XMLSchema-instance" xsi:noNamespaceSchemaLocation="https://maven.apache.org/surefire/maven-surefire-plugin/xsd/surefire-test-report.xsd" version="3.0.2" name="cn.edu.ustc.lakehouse.realtime.dwd.OrderDetailAttributionTest" time="0.321" tests="3" errors="0" skipped="0" failures="0">
  <properties>
[...]
</properties>
  <testcase name="attributionKeySeparatesProductsForTheSameUser" classname="cn.edu.ustc.lakehouse.realtime.dwd.OrderDetailAttributionTest" time="0.054"/>
  <testcase name="marksOrderOrganicWhenClickIsOutsideThirtyMinutes" classname="cn.edu.ustc.lakehouse.realtime.dwd.OrderDetailAttributionTest" time="0.213">
    <system-err><![CDATA[SLF4J: Failed to load class "org.slf4j.impl.StaticLoggerBinder".
SLF4J: Defaulting to no-operation (NOP) logger implementation
SLF4J: See http://www.slf4j.org/codes.html#StaticLoggerBinder for further details.
]]></system-err>
  </testcase>
  <testcase name="keepsTheLatestEligibleClick" classname="cn.edu.ustc.lakehouse.realtime.dwd.OrderDetailAttributionTest" time="0.002"/>
</testsuite>